10/20/2019 07:45:37 - INFO - __main__ -   ***** Running training *****
10/20/2019 07:45:37 - INFO - __main__ -     Batch size = 16
10/20/2019 07:45:37 - INFO - pytorch_pretrained_bert.modeling -   loading archive file ../pt_model/RoBERTa_zh_Large/
10/20/2019 07:45:37 - INFO - pytorch_pretrained_bert.modeling -   Model config {
  "attention_probs_dropout_prob": 0.1,
  "directionality": "bidi",
  "hidden_act": "gelu",
  "hidden_dropout_prob": 0.1,
  "hidden_size": 1024,
  "initializer_range": 0.02,
  "intermediate_size": 4096,
  "max_position_embeddings": 512,
  "num_attention_heads": 16,
  "num_hidden_layers": 24,
  "pooler_fc_size": 768,
  "pooler_num_attention_heads": 12,
  "pooler_num_fc_layers": 3,
  "pooler_size_per_head": 128,
  "pooler_type": "first_token_transform",
  "type_vocab_size": 2,
  "vocab_size": 21128
}

10/20/2019 07:45:44 - INFO - pytorch_pretrained_bert.modeling -   Weights of BertForMTPostTraining not initialized from pretrained model: ['qa_outputs.weight', 'qa_outputs.bias']
/home/xianjun/miniconda3/envs/p3-torch10/lib/python3.7/site-packages/torch/nn/parallel/_functions.py:61: UserWarning: Was asked to gather along dimension 0, but all input tensors were scalars; will instead unsqueeze and return a vector.
  warnings.warn('Was asked to gather along dimension 0, but all '
10/20/2019 07:47:23 - INFO - root -   step 50 batch_loss 15.563582 
10/20/2019 07:48:58 - INFO - root -   step 100 batch_loss 15.413340 
10/20/2019 07:50:33 - INFO - root -   step 150 batch_loss 15.143493 
10/20/2019 07:52:08 - INFO - root -   step 200 batch_loss 15.279909 
10/20/2019 07:53:43 - INFO - root -   step 250 batch_loss 15.037584 
10/20/2019 07:55:18 - INFO - root -   step 300 batch_loss 14.721785 
10/20/2019 07:56:53 - INFO - root -   step 350 batch_loss 13.980959 
10/20/2019 07:58:28 - INFO - root -   step 400 batch_loss 13.435043 
10/20/2019 08:00:02 - INFO - root -   step 450 batch_loss 12.789997 
10/20/2019 08:01:37 - INFO - root -   step 500 batch_loss 12.333666 
10/20/2019 08:03:12 - INFO - root -   step 550 batch_loss 11.253029 
10/20/2019 08:04:47 - INFO - root -   step 600 batch_loss 10.902775 
10/20/2019 08:06:22 - INFO - root -   step 650 batch_loss 10.468102 
10/20/2019 08:07:57 - INFO - root -   step 700 batch_loss 9.385155 
10/20/2019 08:09:32 - INFO - root -   step 750 batch_loss 9.224762 
10/20/2019 08:11:07 - INFO - root -   step 800 batch_loss 9.015730 
10/20/2019 08:12:42 - INFO - root -   step 850 batch_loss 9.443373 
10/20/2019 08:14:16 - INFO - root -   step 900 batch_loss 9.154716 
10/20/2019 08:15:51 - INFO - root -   step 950 batch_loss 8.840709 
10/20/2019 08:17:26 - INFO - root -   step 1000 batch_loss 8.709794 
10/20/2019 08:19:01 - INFO - root -   step 1050 batch_loss 8.243819 
10/20/2019 08:20:36 - INFO - root -   step 1100 batch_loss 7.889123 
10/20/2019 08:22:11 - INFO - root -   step 1150 batch_loss 8.321543 
10/20/2019 08:23:46 - INFO - root -   step 1200 batch_loss 8.037597 
10/20/2019 08:25:21 - INFO - root -   step 1250 batch_loss 8.051646 
10/20/2019 08:26:56 - INFO - root -   step 1300 batch_loss 7.430663 
10/20/2019 08:28:31 - INFO - root -   step 1350 batch_loss 7.476678 
10/20/2019 08:30:06 - INFO - root -   step 1400 batch_loss 7.587437 
10/20/2019 08:31:41 - INFO - root -   step 1450 batch_loss 7.065706 
10/20/2019 08:33:16 - INFO - root -   step 1500 batch_loss 7.346588 
10/20/2019 08:34:51 - INFO - root -   step 1550 batch_loss 8.062330 
10/20/2019 08:36:27 - INFO - root -   step 1600 batch_loss 6.867295 
10/20/2019 08:38:02 - INFO - root -   step 1650 batch_loss 7.177711 
10/20/2019 08:39:38 - INFO - root -   step 1700 batch_loss 6.958187 
10/20/2019 08:41:13 - INFO - root -   step 1750 batch_loss 7.007913 
10/20/2019 08:42:48 - INFO - root -   step 1800 batch_loss 6.238141 
10/20/2019 08:44:23 - INFO - root -   step 1850 batch_loss 6.060960 
10/20/2019 08:45:58 - INFO - root -   step 1900 batch_loss 5.759193 
10/20/2019 08:47:32 - INFO - root -   step 1950 batch_loss 6.502459 
10/20/2019 08:49:07 - INFO - root -   step 2000 batch_loss 7.339805 
10/20/2019 08:50:42 - INFO - root -   step 2050 batch_loss 6.323558 
10/20/2019 08:52:17 - INFO - root -   step 2100 batch_loss 6.310452 
10/20/2019 08:53:52 - INFO - root -   step 2150 batch_loss 5.715272 
10/20/2019 08:55:27 - INFO - root -   step 2200 batch_loss 5.792098 
10/20/2019 08:57:01 - INFO - root -   step 2250 batch_loss 5.861442 
10/20/2019 08:58:36 - INFO - root -   step 2300 batch_loss 5.185227 
10/20/2019 09:00:11 - INFO - root -   step 2350 batch_loss 4.779575 
10/20/2019 09:01:46 - INFO - root -   step 2400 batch_loss 5.023105 
10/20/2019 09:03:21 - INFO - root -   step 2450 batch_loss 4.979217 
10/20/2019 09:04:56 - INFO - root -   step 2500 batch_loss 5.303134 
10/20/2019 09:06:31 - INFO - root -   step 2550 batch_loss 4.324958 
10/20/2019 09:08:06 - INFO - root -   step 2600 batch_loss 4.437518 
10/20/2019 09:09:41 - INFO - root -   step 2650 batch_loss 4.867834 
10/20/2019 09:11:16 - INFO - root -   step 2700 batch_loss 4.449922 
10/20/2019 09:12:51 - INFO - root -   step 2750 batch_loss 4.177104 
10/20/2019 09:14:26 - INFO - root -   step 2800 batch_loss 4.153399 
10/20/2019 09:16:00 - INFO - root -   step 2850 batch_loss 4.431197 
10/20/2019 09:17:36 - INFO - root -   step 2900 batch_loss 4.455500 
10/20/2019 09:19:11 - INFO - root -   step 2950 batch_loss 4.261905 
10/20/2019 09:20:45 - INFO - root -   step 3000 batch_loss 3.736782 
10/20/2019 09:22:20 - INFO - root -   step 3050 batch_loss 4.382719 
10/20/2019 09:23:55 - INFO - root -   step 3100 batch_loss 4.773411 
10/20/2019 09:25:30 - INFO - root -   step 3150 batch_loss 3.780715 
10/20/2019 09:27:05 - INFO - root -   step 3200 batch_loss 4.080527 
10/20/2019 09:28:40 - INFO - root -   step 3250 batch_loss 3.586570 
10/20/2019 09:30:15 - INFO - root -   step 3300 batch_loss 3.551485 
10/20/2019 09:31:50 - INFO - root -   step 3350 batch_loss 3.704939 
10/20/2019 09:33:25 - INFO - root -   step 3400 batch_loss 3.286399 
10/20/2019 09:35:00 - INFO - root -   step 3450 batch_loss 3.828756 
10/20/2019 09:36:35 - INFO - root -   step 3500 batch_loss 3.416618 
10/20/2019 09:38:10 - INFO - root -   step 3550 batch_loss 3.217943 
10/20/2019 09:39:45 - INFO - root -   step 3600 batch_loss 3.992396 
10/20/2019 09:41:20 - INFO - root -   step 3650 batch_loss 3.341140 
10/20/2019 09:42:55 - INFO - root -   step 3700 batch_loss 3.154176 
10/20/2019 09:44:29 - INFO - root -   step 3750 batch_loss 2.786837 
10/20/2019 09:46:04 - INFO - root -   step 3800 batch_loss 3.258284 
10/20/2019 09:47:39 - INFO - root -   step 3850 batch_loss 3.747045 
10/20/2019 09:49:14 - INFO - root -   step 3900 batch_loss 2.740275 
10/20/2019 09:50:49 - INFO - root -   step 3950 batch_loss 2.735218 
10/20/2019 09:52:24 - INFO - root -   step 4000 batch_loss 3.799084 
10/20/2019 09:53:59 - INFO - root -   step 4050 batch_loss 2.933856 
10/20/2019 09:55:34 - INFO - root -   step 4100 batch_loss 3.190543 
10/20/2019 09:57:09 - INFO - root -   step 4150 batch_loss 3.250273 
10/20/2019 09:58:44 - INFO - root -   step 4200 batch_loss 2.191003 
10/20/2019 10:00:19 - INFO - root -   step 4250 batch_loss 3.357681 
10/20/2019 10:01:54 - INFO - root -   step 4300 batch_loss 3.098779 
10/20/2019 10:03:28 - INFO - root -   step 4350 batch_loss 2.497966 
10/20/2019 10:05:03 - INFO - root -   step 4400 batch_loss 3.116858 
10/20/2019 10:06:38 - INFO - root -   step 4450 batch_loss 2.907117 
10/20/2019 10:08:13 - INFO - root -   step 4500 batch_loss 3.291564 
10/20/2019 10:09:48 - INFO - root -   step 4550 batch_loss 2.168233 
10/20/2019 10:11:23 - INFO - root -   step 4600 batch_loss 2.186663 
10/20/2019 10:12:58 - INFO - root -   step 4650 batch_loss 3.263292 
10/20/2019 10:14:32 - INFO - root -   step 4700 batch_loss 2.282646 
10/20/2019 10:16:07 - INFO - root -   step 4750 batch_loss 2.243715 
10/20/2019 10:17:42 - INFO - root -   step 4800 batch_loss 2.626028 
10/20/2019 10:19:17 - INFO - root -   step 4850 batch_loss 2.671678 
10/20/2019 10:20:53 - INFO - root -   step 4900 batch_loss 2.418831 
10/20/2019 10:22:28 - INFO - root -   step 4950 batch_loss 2.006455 
10/20/2019 10:24:02 - INFO - root -   step 5000 batch_loss 2.805727 
10/20/2019 10:25:37 - INFO - root -   step 5050 batch_loss 2.101323 
10/20/2019 10:27:12 - INFO - root -   step 5100 batch_loss 3.238576 
10/20/2019 10:28:47 - INFO - root -   step 5150 batch_loss 2.625872 
10/20/2019 10:30:22 - INFO - root -   step 5200 batch_loss 2.495327 
10/20/2019 10:31:57 - INFO - root -   step 5250 batch_loss 2.171922 
10/20/2019 10:33:31 - INFO - root -   step 5300 batch_loss 1.869182 
10/20/2019 10:35:06 - INFO - root -   step 5350 batch_loss 2.209294 
10/20/2019 10:36:41 - INFO - root -   step 5400 batch_loss 1.955519 
10/20/2019 10:38:16 - INFO - root -   step 5450 batch_loss 2.708810 
10/20/2019 10:39:51 - INFO - root -   step 5500 batch_loss 2.131049 
10/20/2019 10:41:25 - INFO - root -   step 5550 batch_loss 1.863157 
10/20/2019 10:43:01 - INFO - root -   step 5600 batch_loss 2.874801 
10/20/2019 10:44:36 - INFO - root -   step 5650 batch_loss 1.935884 
10/20/2019 10:46:11 - INFO - root -   step 5700 batch_loss 2.794509 
10/20/2019 10:47:45 - INFO - root -   step 5750 batch_loss 2.738403 
10/20/2019 10:49:20 - INFO - root -   step 5800 batch_loss 2.276825 
10/20/2019 10:50:55 - INFO - root -   step 5850 batch_loss 2.769253 
10/20/2019 10:52:30 - INFO - root -   step 5900 batch_loss 2.102011 
10/20/2019 10:54:05 - INFO - root -   step 5950 batch_loss 2.534401 
10/20/2019 10:55:39 - INFO - root -   step 6000 batch_loss 2.351793 
10/20/2019 10:57:14 - INFO - root -   step 6050 batch_loss 1.653057 
10/20/2019 10:58:49 - INFO - root -   step 6100 batch_loss 2.138596 
10/20/2019 11:00:24 - INFO - root -   step 6150 batch_loss 2.306021 
10/20/2019 11:01:59 - INFO - root -   step 6200 batch_loss 2.063786 
10/20/2019 11:03:33 - INFO - root -   step 6250 batch_loss 2.102850 
10/20/2019 11:05:08 - INFO - root -   step 6300 batch_loss 2.080113 
10/20/2019 11:06:43 - INFO - root -   step 6350 batch_loss 2.613995 
10/20/2019 11:08:18 - INFO - root -   step 6400 batch_loss 2.169089 
10/20/2019 11:09:53 - INFO - root -   step 6450 batch_loss 2.333040 
10/20/2019 11:11:28 - INFO - root -   step 6500 batch_loss 1.897855 
10/20/2019 11:13:03 - INFO - root -   step 6550 batch_loss 2.343862 
10/20/2019 11:14:37 - INFO - root -   step 6600 batch_loss 1.841096 
10/20/2019 11:16:12 - INFO - root -   step 6650 batch_loss 1.965664 
10/20/2019 11:17:47 - INFO - root -   step 6700 batch_loss 1.659781 
10/20/2019 11:19:22 - INFO - root -   step 6750 batch_loss 2.092901 
10/20/2019 11:20:57 - INFO - root -   step 6800 batch_loss 1.742670 
10/20/2019 11:22:32 - INFO - root -   step 6850 batch_loss 1.785662 
10/20/2019 11:24:06 - INFO - root -   step 6900 batch_loss 1.673898 
10/20/2019 11:25:41 - INFO - root -   step 6950 batch_loss 2.445460 
10/20/2019 11:27:16 - INFO - root -   step 7000 batch_loss 1.835098 
10/20/2019 11:28:51 - INFO - root -   step 7050 batch_loss 2.127562 
10/20/2019 11:30:26 - INFO - root -   step 7100 batch_loss 1.918529 
10/20/2019 11:32:01 - INFO - root -   step 7150 batch_loss 2.326157 
10/20/2019 11:33:36 - INFO - root -   step 7200 batch_loss 2.376381 
10/20/2019 11:35:10 - INFO - root -   step 7250 batch_loss 2.485102 
10/20/2019 11:36:45 - INFO - root -   step 7300 batch_loss 1.957436 
10/20/2019 11:38:20 - INFO - root -   step 7350 batch_loss 1.778191 
10/20/2019 11:39:55 - INFO - root -   step 7400 batch_loss 1.639237 
10/20/2019 11:41:30 - INFO - root -   step 7450 batch_loss 1.665995 
10/20/2019 11:43:05 - INFO - root -   step 7500 batch_loss 2.316173 
10/20/2019 11:44:39 - INFO - root -   step 7550 batch_loss 1.825097 
10/20/2019 11:46:14 - INFO - root -   step 7600 batch_loss 1.616544 
10/20/2019 11:47:49 - INFO - root -   step 7650 batch_loss 1.845403 
10/20/2019 11:49:24 - INFO - root -   step 7700 batch_loss 1.959588 
10/20/2019 11:50:59 - INFO - root -   step 7750 batch_loss 1.689928 
10/20/2019 11:52:34 - INFO - root -   step 7800 batch_loss 2.126426 
10/20/2019 11:54:09 - INFO - root -   step 7850 batch_loss 1.543203 
10/20/2019 11:55:44 - INFO - root -   step 7900 batch_loss 2.288666 
10/20/2019 11:57:18 - INFO - root -   step 7950 batch_loss 1.279544 
10/20/2019 11:58:53 - INFO - root -   step 8000 batch_loss 1.170529 
10/20/2019 12:00:28 - INFO - root -   step 8050 batch_loss 1.809067 
10/20/2019 12:02:03 - INFO - root -   step 8100 batch_loss 1.766177 
10/20/2019 12:03:38 - INFO - root -   step 8150 batch_loss 1.722411 
10/20/2019 12:05:13 - INFO - root -   step 8200 batch_loss 2.190170 
10/20/2019 12:06:48 - INFO - root -   step 8250 batch_loss 1.800795 
10/20/2019 12:08:24 - INFO - root -   step 8300 batch_loss 1.207412 
10/20/2019 12:09:58 - INFO - root -   step 8350 batch_loss 1.723329 
10/20/2019 12:11:33 - INFO - root -   step 8400 batch_loss 1.774148 
10/20/2019 12:13:08 - INFO - root -   step 8450 batch_loss 1.303586 
10/20/2019 12:14:43 - INFO - root -   step 8500 batch_loss 1.611497 
10/20/2019 12:16:18 - INFO - root -   step 8550 batch_loss 1.361673 
10/20/2019 12:17:52 - INFO - root -   step 8600 batch_loss 1.136341 
10/20/2019 12:19:27 - INFO - root -   step 8650 batch_loss 1.487778 
10/20/2019 12:21:02 - INFO - root -   step 8700 batch_loss 1.659591 
10/20/2019 12:22:37 - INFO - root -   step 8750 batch_loss 1.829751 
10/20/2019 12:24:11 - INFO - root -   step 8800 batch_loss 1.469319 
10/20/2019 12:25:46 - INFO - root -   step 8850 batch_loss 1.396243 
10/20/2019 12:27:21 - INFO - root -   step 8900 batch_loss 1.415711 
10/20/2019 12:28:56 - INFO - root -   step 8950 batch_loss 1.660854 
10/20/2019 12:30:31 - INFO - root -   step 9000 batch_loss 1.962246 
10/20/2019 12:32:05 - INFO - root -   step 9050 batch_loss 2.508893 
10/20/2019 12:33:40 - INFO - root -   step 9100 batch_loss 1.342600 
10/20/2019 12:35:15 - INFO - root -   step 9150 batch_loss 1.601867 
10/20/2019 12:36:50 - INFO - root -   step 9200 batch_loss 1.065522 
10/20/2019 12:38:24 - INFO - root -   step 9250 batch_loss 1.572948 
10/20/2019 12:39:59 - INFO - root -   step 9300 batch_loss 1.666512 
10/20/2019 12:41:34 - INFO - root -   step 9350 batch_loss 1.627524 
10/20/2019 12:43:09 - INFO - root -   step 9400 batch_loss 1.083471 
10/20/2019 12:44:43 - INFO - root -   step 9450 batch_loss 1.396223 
10/20/2019 12:46:18 - INFO - root -   step 9500 batch_loss 1.609162 
10/20/2019 12:47:53 - INFO - root -   step 9550 batch_loss 1.282812 
10/20/2019 12:49:28 - INFO - root -   step 9600 batch_loss 1.526238 
10/20/2019 12:51:03 - INFO - root -   step 9650 batch_loss 1.494338 
10/20/2019 12:52:37 - INFO - root -   step 9700 batch_loss 1.602152 
10/20/2019 12:54:12 - INFO - root -   step 9750 batch_loss 1.588128 
10/20/2019 12:55:47 - INFO - root -   step 9800 batch_loss 1.310475 
10/20/2019 12:57:22 - INFO - root -   step 9850 batch_loss 1.233560 
10/20/2019 12:58:56 - INFO - root -   step 9900 batch_loss 1.251457 
10/20/2019 13:00:31 - INFO - root -   step 9950 batch_loss 1.510616 
10/20/2019 13:02:06 - INFO - root -   step 10000 batch_loss 1.594529 
10/20/2019 13:03:42 - INFO - root -   step 10050 batch_loss 1.587375 
10/20/2019 13:05:17 - INFO - root -   step 10100 batch_loss 0.928930 
10/20/2019 13:06:51 - INFO - root -   step 10150 batch_loss 1.063232 
10/20/2019 13:08:26 - INFO - root -   step 10200 batch_loss 1.404195 
10/20/2019 13:10:01 - INFO - root -   step 10250 batch_loss 1.912710 
10/20/2019 13:11:36 - INFO - root -   step 10300 batch_loss 1.909090 
10/20/2019 13:13:10 - INFO - root -   step 10350 batch_loss 1.387418 
10/20/2019 13:14:45 - INFO - root -   step 10400 batch_loss 1.290900 
10/20/2019 13:16:20 - INFO - root -   step 10450 batch_loss 1.672313 
10/20/2019 13:17:55 - INFO - root -   step 10500 batch_loss 1.659742 
10/20/2019 13:19:29 - INFO - root -   step 10550 batch_loss 1.178237 
10/20/2019 13:21:04 - INFO - root -   step 10600 batch_loss 1.189551 
10/20/2019 13:22:39 - INFO - root -   step 10650 batch_loss 0.882344 
10/20/2019 13:24:14 - INFO - root -   step 10700 batch_loss 1.328557 
10/20/2019 13:25:48 - INFO - root -   step 10750 batch_loss 1.305661 
10/20/2019 13:27:23 - INFO - root -   step 10800 batch_loss 1.110667 
10/20/2019 13:28:58 - INFO - root -   step 10850 batch_loss 0.833212 
10/20/2019 13:30:33 - INFO - root -   step 10900 batch_loss 0.915944 
10/20/2019 13:32:07 - INFO - root -   step 10950 batch_loss 1.437802 
10/20/2019 13:33:42 - INFO - root -   step 11000 batch_loss 1.039657 
10/20/2019 13:35:17 - INFO - root -   step 11050 batch_loss 1.275111 
10/20/2019 13:36:52 - INFO - root -   step 11100 batch_loss 1.236071 
10/20/2019 13:38:27 - INFO - root -   step 11150 batch_loss 1.299534 
10/20/2019 13:40:02 - INFO - root -   step 11200 batch_loss 1.406582 
10/20/2019 13:41:37 - INFO - root -   step 11250 batch_loss 0.921679 
10/20/2019 13:43:11 - INFO - root -   step 11300 batch_loss 0.964210 
10/20/2019 13:44:46 - INFO - root -   step 11350 batch_loss 1.280174 
10/20/2019 13:46:21 - INFO - root -   step 11400 batch_loss 1.368388 
10/20/2019 13:47:55 - INFO - root -   step 11450 batch_loss 0.865910 
10/20/2019 13:49:30 - INFO - root -   step 11500 batch_loss 1.404677 
10/20/2019 13:51:05 - INFO - root -   step 11550 batch_loss 1.210952 
10/20/2019 13:52:40 - INFO - root -   step 11600 batch_loss 0.957141 
10/20/2019 13:54:14 - INFO - root -   step 11650 batch_loss 1.016026 
10/20/2019 13:55:49 - INFO - root -   step 11700 batch_loss 1.170747 
10/20/2019 13:57:24 - INFO - root -   step 11750 batch_loss 1.064245 
10/20/2019 13:58:59 - INFO - root -   step 11800 batch_loss 1.081638 
10/20/2019 14:00:34 - INFO - root -   step 11850 batch_loss 1.046275 
10/20/2019 14:02:08 - INFO - root -   step 11900 batch_loss 0.976844 
10/20/2019 14:03:43 - INFO - root -   step 11950 batch_loss 1.267213 
10/20/2019 14:05:18 - INFO - root -   step 12000 batch_loss 1.482064 
10/20/2019 14:06:53 - INFO - root -   step 12050 batch_loss 1.319218 
10/20/2019 14:08:27 - INFO - root -   step 12100 batch_loss 1.333494 
10/20/2019 14:10:02 - INFO - root -   step 12150 batch_loss 1.601374 
10/20/2019 14:11:37 - INFO - root -   step 12200 batch_loss 1.255392 
10/20/2019 14:13:12 - INFO - root -   step 12250 batch_loss 1.147106 
10/20/2019 14:14:46 - INFO - root -   step 12300 batch_loss 1.068884 
10/20/2019 14:16:21 - INFO - root -   step 12350 batch_loss 0.886553 
10/20/2019 14:17:56 - INFO - root -   step 12400 batch_loss 1.151350 
10/20/2019 14:19:31 - INFO - root -   step 12450 batch_loss 1.149668 
10/20/2019 14:21:05 - INFO - root -   step 12500 batch_loss 0.999975 
10/20/2019 14:22:40 - INFO - root -   step 12550 batch_loss 1.251397 
10/20/2019 14:24:15 - INFO - root -   step 12600 batch_loss 0.839418 
10/20/2019 14:25:50 - INFO - root -   step 12650 batch_loss 1.041027 
10/20/2019 14:27:24 - INFO - root -   step 12700 batch_loss 2.031640 
10/20/2019 14:28:59 - INFO - root -   step 12750 batch_loss 1.152052 
10/20/2019 14:30:34 - INFO - root -   step 12800 batch_loss 0.754630 
10/20/2019 14:32:08 - INFO - root -   step 12850 batch_loss 1.216127 
10/20/2019 14:33:43 - INFO - root -   step 12900 batch_loss 1.195500 
10/20/2019 14:35:18 - INFO - root -   step 12950 batch_loss 1.039024 
10/20/2019 14:36:53 - INFO - root -   step 13000 batch_loss 0.975860 
10/20/2019 14:38:27 - INFO - root -   step 13050 batch_loss 1.090928 
10/20/2019 14:40:02 - INFO - root -   step 13100 batch_loss 1.051179 
10/20/2019 14:41:37 - INFO - root -   step 13150 batch_loss 1.297246 
10/20/2019 14:43:12 - INFO - root -   step 13200 batch_loss 1.154218 
10/20/2019 14:44:46 - INFO - root -   step 13250 batch_loss 1.235446 
10/20/2019 14:46:21 - INFO - root -   step 13300 batch_loss 0.440342 
10/20/2019 14:47:56 - INFO - root -   step 13350 batch_loss 1.145912 
10/20/2019 14:49:31 - INFO - root -   step 13400 batch_loss 0.814061 
10/20/2019 14:51:05 - INFO - root -   step 13450 batch_loss 1.096068 
10/20/2019 14:52:40 - INFO - root -   step 13500 batch_loss 1.668749 
10/20/2019 14:54:15 - INFO - root -   step 13550 batch_loss 0.690706 
10/20/2019 14:55:49 - INFO - root -   step 13600 batch_loss 1.266960 
10/20/2019 14:57:24 - INFO - root -   step 13650 batch_loss 0.757370 
10/20/2019 14:58:59 - INFO - root -   step 13700 batch_loss 1.049873 
10/20/2019 15:00:34 - INFO - root -   step 13750 batch_loss 0.890108 
10/20/2019 15:02:09 - INFO - root -   step 13800 batch_loss 1.204013 
10/20/2019 15:03:43 - INFO - root -   step 13850 batch_loss 0.807650 
10/20/2019 15:05:18 - INFO - root -   step 13900 batch_loss 0.714576 
10/20/2019 15:06:53 - INFO - root -   step 13950 batch_loss 0.903510 
10/20/2019 15:08:28 - INFO - root -   step 14000 batch_loss 0.745417 
10/20/2019 15:10:02 - INFO - root -   step 14050 batch_loss 1.092496 
10/20/2019 15:11:37 - INFO - root -   step 14100 batch_loss 0.829951 
10/20/2019 15:13:12 - INFO - root -   step 14150 batch_loss 0.656927 
10/20/2019 15:14:46 - INFO - root -   step 14200 batch_loss 1.092499 
10/20/2019 15:16:21 - INFO - root -   step 14250 batch_loss 0.906739 
10/20/2019 15:17:56 - INFO - root -   step 14300 batch_loss 1.154371 
10/20/2019 15:19:31 - INFO - root -   step 14350 batch_loss 1.224418 
10/20/2019 15:21:05 - INFO - root -   step 14400 batch_loss 1.248364 
10/20/2019 15:22:40 - INFO - root -   step 14450 batch_loss 0.776505 
10/20/2019 15:24:15 - INFO - root -   step 14500 batch_loss 0.770938 
10/20/2019 15:25:50 - INFO - root -   step 14550 batch_loss 1.172027 
10/20/2019 15:27:24 - INFO - root -   step 14600 batch_loss 0.950392 
10/20/2019 15:28:59 - INFO - root -   step 14650 batch_loss 0.976640 
10/20/2019 15:30:34 - INFO - root -   step 14700 batch_loss 1.019641 
10/20/2019 15:32:09 - INFO - root -   step 14750 batch_loss 1.115904 
10/20/2019 15:33:43 - INFO - root -   step 14800 batch_loss 0.737740 
10/20/2019 15:35:18 - INFO - root -   step 14850 batch_loss 0.912534 
10/20/2019 15:36:53 - INFO - root -   step 14900 batch_loss 0.940865 
10/20/2019 15:38:28 - INFO - root -   step 14950 batch_loss 0.687672 
10/20/2019 15:40:03 - INFO - root -   step 15000 batch_loss 0.714661 
10/20/2019 15:41:38 - INFO - root -   step 15050 batch_loss 1.013742 
10/20/2019 15:43:12 - INFO - root -   step 15100 batch_loss 1.243924 
10/20/2019 15:44:47 - INFO - root -   step 15150 batch_loss 1.084108 
10/20/2019 15:46:22 - INFO - root -   step 15200 batch_loss 0.960452 
10/20/2019 15:47:57 - INFO - root -   step 15250 batch_loss 1.363140 
10/20/2019 15:49:31 - INFO - root -   step 15300 batch_loss 0.990123 
10/20/2019 15:51:06 - INFO - root -   step 15350 batch_loss 0.641578 
10/20/2019 15:52:41 - INFO - root -   step 15400 batch_loss 0.716836 
10/20/2019 15:54:16 - INFO - root -   step 15450 batch_loss 1.075921 
10/20/2019 15:55:51 - INFO - root -   step 15500 batch_loss 0.826712 
10/20/2019 15:57:25 - INFO - root -   step 15550 batch_loss 1.068977 
10/20/2019 15:59:00 - INFO - root -   step 15600 batch_loss 0.754336 
10/20/2019 16:00:35 - INFO - root -   step 15650 batch_loss 0.765271 
10/20/2019 16:02:09 - INFO - root -   step 15700 batch_loss 1.174552 
10/20/2019 16:03:44 - INFO - root -   step 15750 batch_loss 0.823856 
10/20/2019 16:05:19 - INFO - root -   step 15800 batch_loss 0.976392 
10/20/2019 16:06:54 - INFO - root -   step 15850 batch_loss 1.070527 
10/20/2019 16:08:28 - INFO - root -   step 15900 batch_loss 0.782840 
10/20/2019 16:10:03 - INFO - root -   step 15950 batch_loss 1.062594 
10/20/2019 16:11:38 - INFO - root -   step 16000 batch_loss 0.664831 
10/20/2019 16:13:12 - INFO - root -   step 16050 batch_loss 0.645864 
10/20/2019 16:14:47 - INFO - root -   step 16100 batch_loss 0.806374 
10/20/2019 16:16:22 - INFO - root -   step 16150 batch_loss 0.539574 
10/20/2019 16:17:56 - INFO - root -   step 16200 batch_loss 0.569693 
10/20/2019 16:19:31 - INFO - root -   step 16250 batch_loss 0.582322 
10/20/2019 16:21:06 - INFO - root -   step 16300 batch_loss 0.902864 
10/20/2019 16:22:41 - INFO - root -   step 16350 batch_loss 1.120646 
10/20/2019 16:24:15 - INFO - root -   step 16400 batch_loss 0.687910 
10/20/2019 16:25:50 - INFO - root -   step 16450 batch_loss 0.896528 
10/20/2019 16:27:25 - INFO - root -   step 16500 batch_loss 1.190461 
10/20/2019 16:29:00 - INFO - root -   step 16550 batch_loss 0.625816 
10/20/2019 16:30:34 - INFO - root -   step 16600 batch_loss 0.593330 
10/20/2019 16:32:09 - INFO - root -   step 16650 batch_loss 0.852504 
10/20/2019 16:33:44 - INFO - root -   step 16700 batch_loss 0.774040 
10/20/2019 16:35:19 - INFO - root -   step 16750 batch_loss 0.717322 
10/20/2019 16:36:54 - INFO - root -   step 16800 batch_loss 0.604083 
10/20/2019 16:38:28 - INFO - root -   step 16850 batch_loss 1.017339 
10/20/2019 16:40:03 - INFO - root -   step 16900 batch_loss 0.668024 
10/20/2019 16:41:38 - INFO - root -   step 16950 batch_loss 0.817055 
10/20/2019 16:43:12 - INFO - root -   step 17000 batch_loss 0.705105 
10/20/2019 16:44:47 - INFO - root -   step 17050 batch_loss 0.524207 
10/20/2019 16:46:22 - INFO - root -   step 17100 batch_loss 0.948973 
10/20/2019 16:47:57 - INFO - root -   step 17150 batch_loss 0.707580 
10/20/2019 16:49:31 - INFO - root -   step 17200 batch_loss 0.550873 
10/20/2019 16:51:06 - INFO - root -   step 17250 batch_loss 1.014208 
10/20/2019 16:52:41 - INFO - root -   step 17300 batch_loss 0.562847 
10/20/2019 16:54:16 - INFO - root -   step 17350 batch_loss 0.800822 
10/20/2019 16:55:50 - INFO - root -   step 17400 batch_loss 0.707801 
10/20/2019 16:57:25 - INFO - root -   step 17450 batch_loss 0.724062 
10/20/2019 16:59:00 - INFO - root -   step 17500 batch_loss 1.293634 
10/20/2019 17:00:35 - INFO - root -   step 17550 batch_loss 1.278629 
10/20/2019 17:02:09 - INFO - root -   step 17600 batch_loss 1.074950 
10/20/2019 17:03:44 - INFO - root -   step 17650 batch_loss 0.814676 
10/20/2019 17:05:19 - INFO - root -   step 17700 batch_loss 0.892136 
10/20/2019 17:06:53 - INFO - root -   step 17750 batch_loss 0.649088 
10/20/2019 17:08:28 - INFO - root -   step 17800 batch_loss 0.850425 
10/20/2019 17:10:03 - INFO - root -   step 17850 batch_loss 0.878141 
10/20/2019 17:11:38 - INFO - root -   step 17900 batch_loss 0.718724 
10/20/2019 17:13:12 - INFO - root -   step 17950 batch_loss 0.590413 
10/20/2019 17:14:47 - INFO - root -   step 18000 batch_loss 0.912538 
10/20/2019 17:16:22 - INFO - root -   step 18050 batch_loss 0.857671 
10/20/2019 17:17:56 - INFO - root -   step 18100 batch_loss 1.091445 
10/20/2019 17:19:31 - INFO - root -   step 18150 batch_loss 0.724059 
10/20/2019 17:21:06 - INFO - root -   step 18200 batch_loss 0.788673 
10/20/2019 17:22:41 - INFO - root -   step 18250 batch_loss 0.684054 
10/20/2019 17:24:15 - INFO - root -   step 18300 batch_loss 1.207462 
10/20/2019 17:25:50 - INFO - root -   step 18350 batch_loss 0.746703 
10/20/2019 17:27:25 - INFO - root -   step 18400 batch_loss 0.781690 
10/20/2019 17:29:00 - INFO - root -   step 18450 batch_loss 0.841138 
10/20/2019 17:30:35 - INFO - root -   step 18500 batch_loss 0.483635 
10/20/2019 17:32:10 - INFO - root -   step 18550 batch_loss 0.546863 
10/20/2019 17:33:45 - INFO - root -   step 18600 batch_loss 0.354836 
10/20/2019 17:35:19 - INFO - root -   step 18650 batch_loss 0.698997 
10/20/2019 17:36:54 - INFO - root -   step 18700 batch_loss 0.598870 
10/20/2019 17:38:29 - INFO - root -   step 18750 batch_loss 0.587527 
10/20/2019 17:40:04 - INFO - root -   step 18800 batch_loss 0.862581 
10/20/2019 17:41:38 - INFO - root -   step 18850 batch_loss 0.671924 
10/20/2019 17:43:13 - INFO - root -   step 18900 batch_loss 0.677361 
10/20/2019 17:44:48 - INFO - root -   step 18950 batch_loss 0.646065 
10/20/2019 17:46:22 - INFO - root -   step 19000 batch_loss 0.546919 
10/20/2019 17:47:57 - INFO - root -   step 19050 batch_loss 0.632156 
10/20/2019 17:49:32 - INFO - root -   step 19100 batch_loss 0.466948 
10/20/2019 17:51:06 - INFO - root -   step 19150 batch_loss 0.589827 
10/20/2019 17:52:41 - INFO - root -   step 19200 batch_loss 0.585028 
10/20/2019 17:54:16 - INFO - root -   step 19250 batch_loss 0.835513 
10/20/2019 17:55:51 - INFO - root -   step 19300 batch_loss 0.677393 
10/20/2019 17:57:25 - INFO - root -   step 19350 batch_loss 0.416511 
10/20/2019 17:59:00 - INFO - root -   step 19400 batch_loss 0.552372 
10/20/2019 18:00:35 - INFO - root -   step 19450 batch_loss 1.089815 
10/20/2019 18:02:09 - INFO - root -   step 19500 batch_loss 0.677105 
10/20/2019 18:03:44 - INFO - root -   step 19550 batch_loss 0.829851 
10/20/2019 18:05:19 - INFO - root -   step 19600 batch_loss 0.593177 
10/20/2019 18:06:54 - INFO - root -   step 19650 batch_loss 0.464839 
10/20/2019 18:08:28 - INFO - root -   step 19700 batch_loss 0.668939 
10/20/2019 18:10:03 - INFO - root -   step 19750 batch_loss 0.816136 
10/20/2019 18:11:38 - INFO - root -   step 19800 batch_loss 0.735927 
10/20/2019 18:13:12 - INFO - root -   step 19850 batch_loss 0.607272 
10/20/2019 18:14:47 - INFO - root -   step 19900 batch_loss 0.495763 
10/20/2019 18:16:22 - INFO - root -   step 19950 batch_loss 0.606788 
10/20/2019 18:17:57 - INFO - root -   step 20000 batch_loss 0.642965 
10/20/2019 18:19:33 - INFO - root -   step 20050 batch_loss 1.219573 
10/20/2019 18:21:07 - INFO - root -   step 20100 batch_loss 0.494727 
10/20/2019 18:22:42 - INFO - root -   step 20150 batch_loss 0.628232 
10/20/2019 18:24:17 - INFO - root -   step 20200 batch_loss 0.797180 
10/20/2019 18:25:52 - INFO - root -   step 20250 batch_loss 0.254428 
10/20/2019 18:27:26 - INFO - root -   step 20300 batch_loss 0.359623 
10/20/2019 18:29:01 - INFO - root -   step 20350 batch_loss 0.514662 
10/20/2019 18:30:36 - INFO - root -   step 20400 batch_loss 0.741268 
10/20/2019 18:32:11 - INFO - root -   step 20450 batch_loss 0.333943 
10/20/2019 18:33:46 - INFO - root -   step 20500 batch_loss 0.674247 
10/20/2019 18:35:21 - INFO - root -   step 20550 batch_loss 0.610949 
10/20/2019 18:36:55 - INFO - root -   step 20600 batch_loss 0.554858 
10/20/2019 18:38:30 - INFO - root -   step 20650 batch_loss 0.810207 
10/20/2019 18:40:05 - INFO - root -   step 20700 batch_loss 0.956790 
10/20/2019 18:41:40 - INFO - root -   step 20750 batch_loss 0.762310 
10/20/2019 18:43:15 - INFO - root -   step 20800 batch_loss 0.592176 
10/20/2019 18:44:49 - INFO - root -   step 20850 batch_loss 1.037707 
10/20/2019 18:46:24 - INFO - root -   step 20900 batch_loss 0.440504 
10/20/2019 18:47:59 - INFO - root -   step 20950 batch_loss 0.749023 
10/20/2019 18:49:34 - INFO - root -   step 21000 batch_loss 0.482215 
10/20/2019 18:51:08 - INFO - root -   step 21050 batch_loss 0.580949 
10/20/2019 18:52:43 - INFO - root -   step 21100 batch_loss 0.798955 
10/20/2019 18:54:18 - INFO - root -   step 21150 batch_loss 0.530866 
10/20/2019 18:55:52 - INFO - root -   step 21200 batch_loss 0.578528 
10/20/2019 18:57:27 - INFO - root -   step 21250 batch_loss 0.478805 
10/20/2019 18:59:02 - INFO - root -   step 21300 batch_loss 0.463046 
10/20/2019 19:00:37 - INFO - root -   step 21350 batch_loss 0.478151 
10/20/2019 19:02:11 - INFO - root -   step 21400 batch_loss 0.574360 
10/20/2019 19:03:46 - INFO - root -   step 21450 batch_loss 0.696080 
10/20/2019 19:05:21 - INFO - root -   step 21500 batch_loss 0.796527 
10/20/2019 19:06:55 - INFO - root -   step 21550 batch_loss 0.645308 
10/20/2019 19:08:30 - INFO - root -   step 21600 batch_loss 0.659529 
10/20/2019 19:10:05 - INFO - root -   step 21650 batch_loss 0.572130 
10/20/2019 19:11:39 - INFO - root -   step 21700 batch_loss 0.399939 
10/20/2019 19:13:14 - INFO - root -   step 21750 batch_loss 0.358781 
10/20/2019 19:14:49 - INFO - root -   step 21800 batch_loss 0.511889 
10/20/2019 19:16:23 - INFO - root -   step 21850 batch_loss 0.587088 
10/20/2019 19:17:58 - INFO - root -   step 21900 batch_loss 0.453191 
10/20/2019 19:19:33 - INFO - root -   step 21950 batch_loss 0.599830 
10/20/2019 19:21:07 - INFO - root -   step 22000 batch_loss 0.612361 
10/20/2019 19:22:42 - INFO - root -   step 22050 batch_loss 0.652508 
10/20/2019 19:24:17 - INFO - root -   step 22100 batch_loss 0.461933 
10/20/2019 19:25:52 - INFO - root -   step 22150 batch_loss 0.613612 
10/20/2019 19:27:27 - INFO - root -   step 22200 batch_loss 0.698744 
10/20/2019 19:29:01 - INFO - root -   step 22250 batch_loss 0.600293 
10/20/2019 19:30:36 - INFO - root -   step 22300 batch_loss 0.513435 
10/20/2019 19:32:11 - INFO - root -   step 22350 batch_loss 0.822118 
10/20/2019 19:33:45 - INFO - root -   step 22400 batch_loss 0.515471 
10/20/2019 19:35:20 - INFO - root -   step 22450 batch_loss 0.727777 
10/20/2019 19:36:55 - INFO - root -   step 22500 batch_loss 0.659220 
10/20/2019 19:38:30 - INFO - root -   step 22550 batch_loss 0.520805 
10/20/2019 19:40:04 - INFO - root -   step 22600 batch_loss 0.400478 
10/20/2019 19:41:39 - INFO - root -   step 22650 batch_loss 0.288724 
10/20/2019 19:43:14 - INFO - root -   step 22700 batch_loss 0.630791 
10/20/2019 19:44:49 - INFO - root -   step 22750 batch_loss 0.681704 
10/20/2019 19:46:23 - INFO - root -   step 22800 batch_loss 0.521792 
10/20/2019 19:47:58 - INFO - root -   step 22850 batch_loss 0.486459 
10/20/2019 19:49:33 - INFO - root -   step 22900 batch_loss 0.581448 
10/20/2019 19:51:08 - INFO - root -   step 22950 batch_loss 0.614715 
10/20/2019 19:52:43 - INFO - root -   step 23000 batch_loss 0.602780 
10/20/2019 19:54:17 - INFO - root -   step 23050 batch_loss 0.775990 
10/20/2019 19:55:52 - INFO - root -   step 23100 batch_loss 0.502403 
10/20/2019 19:57:27 - INFO - root -   step 23150 batch_loss 0.511972 
10/20/2019 19:59:01 - INFO - root -   step 23200 batch_loss 0.541198 
10/20/2019 20:00:36 - INFO - root -   step 23250 batch_loss 0.733533 
10/20/2019 20:02:11 - INFO - root -   step 23300 batch_loss 0.395686 
10/20/2019 20:03:45 - INFO - root -   step 23350 batch_loss 0.611117 
10/20/2019 20:05:20 - INFO - root -   step 23400 batch_loss 0.571864 
10/20/2019 20:06:55 - INFO - root -   step 23450 batch_loss 0.805851 
10/20/2019 20:08:30 - INFO - root -   step 23500 batch_loss 0.327538 
10/20/2019 20:10:04 - INFO - root -   step 23550 batch_loss 0.631649 
10/20/2019 20:11:39 - INFO - root -   step 23600 batch_loss 0.856958 
10/20/2019 20:13:14 - INFO - root -   step 23650 batch_loss 0.435422 
10/20/2019 20:14:49 - INFO - root -   step 23700 batch_loss 0.712534 
10/20/2019 20:16:23 - INFO - root -   step 23750 batch_loss 0.527304 
10/20/2019 20:17:58 - INFO - root -   step 23800 batch_loss 0.302293 
10/20/2019 20:19:33 - INFO - root -   step 23850 batch_loss 0.154426 
10/20/2019 20:21:07 - INFO - root -   step 23900 batch_loss 0.235735 
10/20/2019 20:22:42 - INFO - root -   step 23950 batch_loss 0.470098 
10/20/2019 20:24:17 - INFO - root -   step 24000 batch_loss 0.553816 
10/20/2019 20:25:51 - INFO - root -   step 24050 batch_loss 0.417225 
10/20/2019 20:27:26 - INFO - root -   step 24100 batch_loss 0.420465 
10/20/2019 20:29:01 - INFO - root -   step 24150 batch_loss 0.347678 
10/20/2019 20:30:35 - INFO - root -   step 24200 batch_loss 0.496866 
10/20/2019 20:32:11 - INFO - root -   step 24250 batch_loss 0.434852 
10/20/2019 20:33:45 - INFO - root -   step 24300 batch_loss 0.418278 
10/20/2019 20:35:20 - INFO - root -   step 24350 batch_loss 0.530730 
10/20/2019 20:36:54 - INFO - root -   step 24400 batch_loss 0.357986 
10/20/2019 20:38:29 - INFO - root -   step 24450 batch_loss 0.417352 
10/20/2019 20:40:04 - INFO - root -   step 24500 batch_loss 0.440701 
10/20/2019 20:41:39 - INFO - root -   step 24550 batch_loss 0.487868 
10/20/2019 20:43:13 - INFO - root -   step 24600 batch_loss 0.349125 
10/20/2019 20:44:48 - INFO - root -   step 24650 batch_loss 0.213365 
10/20/2019 20:46:23 - INFO - root -   step 24700 batch_loss 0.523755 
10/20/2019 20:47:57 - INFO - root -   step 24750 batch_loss 0.420981 
10/20/2019 20:49:32 - INFO - root -   step 24800 batch_loss 0.640452 
10/20/2019 20:51:07 - INFO - root -   step 24850 batch_loss 0.281907 
10/20/2019 20:52:42 - INFO - root -   step 24900 batch_loss 0.431189 
10/20/2019 20:54:16 - INFO - root -   step 24950 batch_loss 0.516725 
10/20/2019 20:55:51 - INFO - root -   step 25000 batch_loss 0.672694 
10/20/2019 20:57:26 - INFO - root -   step 25050 batch_loss 0.529173 
10/20/2019 20:59:01 - INFO - root -   step 25100 batch_loss 0.392252 
10/20/2019 21:00:35 - INFO - root -   step 25150 batch_loss 0.286635 
10/20/2019 21:02:10 - INFO - root -   step 25200 batch_loss 0.584726 
10/20/2019 21:03:45 - INFO - root -   step 25250 batch_loss 0.524984 
10/20/2019 21:05:19 - INFO - root -   step 25300 batch_loss 0.500388 
10/20/2019 21:06:54 - INFO - root -   step 25350 batch_loss 0.561811 
10/20/2019 21:08:29 - INFO - root -   step 25400 batch_loss 0.897789 
10/20/2019 21:10:03 - INFO - root -   step 25450 batch_loss 0.312437 
10/20/2019 21:11:38 - INFO - root -   step 25500 batch_loss 0.404813 
10/20/2019 21:13:13 - INFO - root -   step 25550 batch_loss 0.571229 
10/20/2019 21:14:48 - INFO - root -   step 25600 batch_loss 0.680173 
10/20/2019 21:16:23 - INFO - root -   step 25650 batch_loss 0.595165 
10/20/2019 21:17:58 - INFO - root -   step 25700 batch_loss 0.687508 
10/20/2019 21:19:33 - INFO - root -   step 25750 batch_loss 0.665053 
10/20/2019 21:21:07 - INFO - root -   step 25800 batch_loss 0.712676 
10/20/2019 21:22:42 - INFO - root -   step 25850 batch_loss 0.341704 
10/20/2019 21:24:17 - INFO - root -   step 25900 batch_loss 0.504857 
10/20/2019 21:25:51 - INFO - root -   step 25950 batch_loss 0.545717 
10/20/2019 21:27:26 - INFO - root -   step 26000 batch_loss 0.593894 
10/20/2019 21:29:01 - INFO - root -   step 26050 batch_loss 0.411888 
10/20/2019 21:30:35 - INFO - root -   step 26100 batch_loss 0.946544 
10/20/2019 21:32:10 - INFO - root -   step 26150 batch_loss 0.463033 
10/20/2019 21:33:45 - INFO - root -   step 26200 batch_loss 0.442281 
10/20/2019 21:35:19 - INFO - root -   step 26250 batch_loss 0.232132 
10/20/2019 21:36:54 - INFO - root -   step 26300 batch_loss 0.257686 
10/20/2019 21:38:29 - INFO - root -   step 26350 batch_loss 0.454455 
10/20/2019 21:40:03 - INFO - root -   step 26400 batch_loss 0.371657 
10/20/2019 21:41:38 - INFO - root -   step 26450 batch_loss 0.180563 
10/20/2019 21:43:13 - INFO - root -   step 26500 batch_loss 0.580378 
10/20/2019 21:44:47 - INFO - root -   step 26550 batch_loss 0.298553 
10/20/2019 21:46:22 - INFO - root -   step 26600 batch_loss 0.231443 
10/20/2019 21:47:57 - INFO - root -   step 26650 batch_loss 0.255692 
10/20/2019 21:49:31 - INFO - root -   step 26700 batch_loss 0.445698 
10/20/2019 21:51:06 - INFO - root -   step 26750 batch_loss 0.640207 
10/20/2019 21:52:41 - INFO - root -   step 26800 batch_loss 0.429232 
10/20/2019 21:54:16 - INFO - root -   step 26850 batch_loss 0.405886 
10/20/2019 21:55:50 - INFO - root -   step 26900 batch_loss 0.564052 
10/20/2019 21:57:25 - INFO - root -   step 26950 batch_loss 0.515853 
10/20/2019 21:58:59 - INFO - root -   step 27000 batch_loss 0.229525 
10/20/2019 22:00:34 - INFO - root -   step 27050 batch_loss 0.593613 
10/20/2019 22:02:09 - INFO - root -   step 27100 batch_loss 0.462588 
10/20/2019 22:03:43 - INFO - root -   step 27150 batch_loss 0.473079 
10/20/2019 22:05:18 - INFO - root -   step 27200 batch_loss 0.312763 
10/20/2019 22:06:53 - INFO - root -   step 27250 batch_loss 0.326914 
10/20/2019 22:08:27 - INFO - root -   step 27300 batch_loss 0.258683 
10/20/2019 22:10:02 - INFO - root -   step 27350 batch_loss 0.324285 
10/20/2019 22:11:37 - INFO - root -   step 27400 batch_loss 0.413210 
10/20/2019 22:13:11 - INFO - root -   step 27450 batch_loss 0.619069 
10/20/2019 22:14:46 - INFO - root -   step 27500 batch_loss 0.441483 
10/20/2019 22:16:21 - INFO - root -   step 27550 batch_loss 0.369041 
10/20/2019 22:17:55 - INFO - root -   step 27600 batch_loss 0.537599 
10/20/2019 22:19:30 - INFO - root -   step 27650 batch_loss 0.495365 
10/20/2019 22:21:05 - INFO - root -   step 27700 batch_loss 0.383907 
10/20/2019 22:22:39 - INFO - root -   step 27750 batch_loss 0.320294 
10/20/2019 22:24:14 - INFO - root -   step 27800 batch_loss 0.364041 
10/20/2019 22:25:49 - INFO - root -   step 27850 batch_loss 0.445496 
10/20/2019 22:27:23 - INFO - root -   step 27900 batch_loss 0.398657 
10/20/2019 22:28:58 - INFO - root -   step 27950 batch_loss 0.603731 
10/20/2019 22:30:33 - INFO - root -   step 28000 batch_loss 0.351279 
10/20/2019 22:32:07 - INFO - root -   step 28050 batch_loss 0.510658 
10/20/2019 22:33:42 - INFO - root -   step 28100 batch_loss 0.463665 
10/20/2019 22:35:17 - INFO - root -   step 28150 batch_loss 0.433413 
10/20/2019 22:36:51 - INFO - root -   step 28200 batch_loss 0.422756 
10/20/2019 22:38:26 - INFO - root -   step 28250 batch_loss 0.500731 
10/20/2019 22:40:01 - INFO - root -   step 28300 batch_loss 0.483078 
10/20/2019 22:41:35 - INFO - root -   step 28350 batch_loss 0.513261 
10/20/2019 22:43:10 - INFO - root -   step 28400 batch_loss 0.432232 
10/20/2019 22:44:44 - INFO - root -   step 28450 batch_loss 0.497474 
10/20/2019 22:46:19 - INFO - root -   step 28500 batch_loss 0.511391 
10/20/2019 22:47:54 - INFO - root -   step 28550 batch_loss 0.485303 
10/20/2019 22:49:29 - INFO - root -   step 28600 batch_loss 0.491978 
10/20/2019 22:51:03 - INFO - root -   step 28650 batch_loss 0.538528 
10/20/2019 22:52:38 - INFO - root -   step 28700 batch_loss 0.270885 
10/20/2019 22:54:12 - INFO - root -   step 28750 batch_loss 0.269706 
10/20/2019 22:55:47 - INFO - root -   step 28800 batch_loss 0.605163 
10/20/2019 22:57:22 - INFO - root -   step 28850 batch_loss 0.293494 
10/20/2019 22:58:56 - INFO - root -   step 28900 batch_loss 0.406051 
10/20/2019 23:00:31 - INFO - root -   step 28950 batch_loss 0.346528 
10/20/2019 23:02:06 - INFO - root -   step 29000 batch_loss 0.288062 
10/20/2019 23:03:41 - INFO - root -   step 29050 batch_loss 0.371225 
10/20/2019 23:05:16 - INFO - root -   step 29100 batch_loss 0.507889 
10/20/2019 23:06:50 - INFO - root -   step 29150 batch_loss 0.335922 
10/20/2019 23:08:25 - INFO - root -   step 29200 batch_loss 0.417366 
10/20/2019 23:09:59 - INFO - root -   step 29250 batch_loss 0.305531 
10/20/2019 23:11:34 - INFO - root -   step 29300 batch_loss 0.499071 
10/20/2019 23:13:09 - INFO - root -   step 29350 batch_loss 0.391500 
10/20/2019 23:14:43 - INFO - root -   step 29400 batch_loss 0.451328 
10/20/2019 23:16:18 - INFO - root -   step 29450 batch_loss 0.574197 
10/20/2019 23:17:53 - INFO - root -   step 29500 batch_loss 0.412370 
10/20/2019 23:19:27 - INFO - root -   step 29550 batch_loss 0.520697 
10/20/2019 23:21:02 - INFO - root -   step 29600 batch_loss 0.500423 
10/20/2019 23:22:36 - INFO - root -   step 29650 batch_loss 0.476209 
10/20/2019 23:24:11 - INFO - root -   step 29700 batch_loss 0.473425 
10/20/2019 23:25:46 - INFO - root -   step 29750 batch_loss 0.517143 
10/20/2019 23:27:20 - INFO - root -   step 29800 batch_loss 0.574942 
10/20/2019 23:28:55 - INFO - root -   step 29850 batch_loss 0.371488 
10/20/2019 23:30:31 - INFO - root -   step 29900 batch_loss 0.515571 
10/20/2019 23:32:05 - INFO - root -   step 29950 batch_loss 0.548512 
10/20/2019 23:33:40 - INFO - root -   step 30000 batch_loss 0.366379 
10/20/2019 23:35:16 - INFO - root -   step 30050 batch_loss 0.556665 
10/20/2019 23:36:51 - INFO - root -   step 30100 batch_loss 0.212417 
10/20/2019 23:38:25 - INFO - root -   step 30150 batch_loss 0.412698 
10/20/2019 23:40:00 - INFO - root -   step 30200 batch_loss 0.261639 
10/20/2019 23:41:35 - INFO - root -   step 30250 batch_loss 0.588511 
10/20/2019 23:43:09 - INFO - root -   step 30300 batch_loss 0.406968 
10/20/2019 23:44:44 - INFO - root -   step 30350 batch_loss 0.309097 
10/20/2019 23:46:18 - INFO - root -   step 30400 batch_loss 0.472536 
10/20/2019 23:47:53 - INFO - root -   step 30450 batch_loss 0.461755 
10/20/2019 23:49:28 - INFO - root -   step 30500 batch_loss 0.542750 
10/20/2019 23:51:02 - INFO - root -   step 30550 batch_loss 0.384572 
10/20/2019 23:52:37 - INFO - root -   step 30600 batch_loss 0.442623 
10/20/2019 23:54:12 - INFO - root -   step 30650 batch_loss 0.617388 
10/20/2019 23:55:46 - INFO - root -   step 30700 batch_loss 0.529896 
10/20/2019 23:57:21 - INFO - root -   step 30750 batch_loss 0.286630 
10/20/2019 23:58:56 - INFO - root -   step 30800 batch_loss 0.380132 
10/21/2019 00:00:30 - INFO - root -   step 30850 batch_loss 0.456083 
10/21/2019 00:02:05 - INFO - root -   step 30900 batch_loss 0.385960 
10/21/2019 00:03:40 - INFO - root -   step 30950 batch_loss 0.467374 
10/21/2019 00:05:14 - INFO - root -   step 31000 batch_loss 0.569279 
10/21/2019 00:06:49 - INFO - root -   step 31050 batch_loss 0.455146 
10/21/2019 00:08:24 - INFO - root -   step 31100 batch_loss 0.593191 
10/21/2019 00:09:59 - INFO - root -   step 31150 batch_loss 0.433717 
10/21/2019 00:11:34 - INFO - root -   step 31200 batch_loss 0.611562 
10/21/2019 00:13:08 - INFO - root -   step 31250 batch_loss 0.751177 
10/21/2019 00:14:43 - INFO - root -   step 31300 batch_loss 0.382186 
10/21/2019 00:16:18 - INFO - root -   step 31350 batch_loss 0.271917 
10/21/2019 00:17:52 - INFO - root -   step 31400 batch_loss 0.494797 
10/21/2019 00:19:27 - INFO - root -   step 31450 batch_loss 0.437323 
10/21/2019 00:21:02 - INFO - root -   step 31500 batch_loss 0.414313 
10/21/2019 00:22:37 - INFO - root -   step 31550 batch_loss 0.419143 
10/21/2019 00:24:12 - INFO - root -   step 31600 batch_loss 0.380959 
10/21/2019 00:25:46 - INFO - root -   step 31650 batch_loss 0.337267 
10/21/2019 00:27:21 - INFO - root -   step 31700 batch_loss 0.348396 
10/21/2019 00:28:56 - INFO - root -   step 31750 batch_loss 0.407607 
10/21/2019 00:30:30 - INFO - root -   step 31800 batch_loss 0.368293 
10/21/2019 00:32:05 - INFO - root -   step 31850 batch_loss 0.206488 
10/21/2019 00:33:40 - INFO - root -   step 31900 batch_loss 0.404092 
10/21/2019 00:35:14 - INFO - root -   step 31950 batch_loss 0.368414 
10/21/2019 00:36:49 - INFO - root -   step 32000 batch_loss 0.252274 
10/21/2019 00:38:24 - INFO - root -   step 32050 batch_loss 0.385107 
10/21/2019 00:39:58 - INFO - root -   step 32100 batch_loss 0.349151 
10/21/2019 00:41:33 - INFO - root -   step 32150 batch_loss 0.450684 
10/21/2019 00:43:07 - INFO - root -   step 32200 batch_loss 0.240004 
10/21/2019 00:44:42 - INFO - root -   step 32250 batch_loss 0.430795 
10/21/2019 00:46:17 - INFO - root -   step 32300 batch_loss 0.296199 
10/21/2019 00:47:51 - INFO - root -   step 32350 batch_loss 0.304283 
10/21/2019 00:49:26 - INFO - root -   step 32400 batch_loss 0.318847 
10/21/2019 00:51:00 - INFO - root -   step 32450 batch_loss 0.486823 
10/21/2019 00:52:35 - INFO - root -   step 32500 batch_loss 0.556497 
10/21/2019 00:54:10 - INFO - root -   step 32550 batch_loss 0.321791 
10/21/2019 00:55:45 - INFO - root -   step 32600 batch_loss 0.144889 
10/21/2019 00:57:20 - INFO - root -   step 32650 batch_loss 0.484195 
10/21/2019 00:58:54 - INFO - root -   step 32700 batch_loss 0.302317 
10/21/2019 01:00:29 - INFO - root -   step 32750 batch_loss 0.386483 
10/21/2019 01:02:03 - INFO - root -   step 32800 batch_loss 0.352512 
10/21/2019 01:03:38 - INFO - root -   step 32850 batch_loss 0.194721 
10/21/2019 01:05:12 - INFO - root -   step 32900 batch_loss 0.320704 
10/21/2019 01:06:47 - INFO - root -   step 32950 batch_loss 0.388158 
10/21/2019 01:08:22 - INFO - root -   step 33000 batch_loss 0.330075 
10/21/2019 01:09:56 - INFO - root -   step 33050 batch_loss 0.513101 
10/21/2019 01:11:31 - INFO - root -   step 33100 batch_loss 0.406443 
10/21/2019 01:13:06 - INFO - root -   step 33150 batch_loss 0.367709 
10/21/2019 01:14:40 - INFO - root -   step 33200 batch_loss 0.341606 
10/21/2019 01:16:15 - INFO - root -   step 33250 batch_loss 0.338130 
10/21/2019 01:17:50 - INFO - root -   step 33300 batch_loss 0.289515 
10/21/2019 01:19:24 - INFO - root -   step 33350 batch_loss 0.298901 
10/21/2019 01:20:59 - INFO - root -   step 33400 batch_loss 0.433939 
10/21/2019 01:22:34 - INFO - root -   step 33450 batch_loss 0.700437 
10/21/2019 01:24:09 - INFO - root -   step 33500 batch_loss 0.443084 
10/21/2019 01:25:44 - INFO - root -   step 33550 batch_loss 0.479470 
10/21/2019 01:27:18 - INFO - root -   step 33600 batch_loss 0.261074 
10/21/2019 01:28:53 - INFO - root -   step 33650 batch_loss 0.324695 
10/21/2019 01:30:28 - INFO - root -   step 33700 batch_loss 0.538674 
10/21/2019 01:32:02 - INFO - root -   step 33750 batch_loss 0.518959 
10/21/2019 01:33:37 - INFO - root -   step 33800 batch_loss 0.416625 
10/21/2019 01:35:11 - INFO - root -   step 33850 batch_loss 0.287048 
10/21/2019 01:36:46 - INFO - root -   step 33900 batch_loss 0.306801 
10/21/2019 01:38:21 - INFO - root -   step 33950 batch_loss 0.292098 
10/21/2019 01:39:55 - INFO - root -   step 34000 batch_loss 0.313117 
10/21/2019 01:41:30 - INFO - root -   step 34050 batch_loss 0.288067 
10/21/2019 01:43:05 - INFO - root -   step 34100 batch_loss 0.338345 
10/21/2019 01:44:39 - INFO - root -   step 34150 batch_loss 0.280853 
10/21/2019 01:46:14 - INFO - root -   step 34200 batch_loss 0.401462 
10/21/2019 01:47:49 - INFO - root -   step 34250 batch_loss 0.183283 
10/21/2019 01:49:24 - INFO - root -   step 34300 batch_loss 0.384699 
10/21/2019 01:50:59 - INFO - root -   step 34350 batch_loss 0.326055 
10/21/2019 01:52:34 - INFO - root -   step 34400 batch_loss 0.423909 
10/21/2019 01:54:08 - INFO - root -   step 34450 batch_loss 0.210244 
10/21/2019 01:55:43 - INFO - root -   step 34500 batch_loss 0.172511 
10/21/2019 01:57:17 - INFO - root -   step 34550 batch_loss 0.318797 
10/21/2019 01:58:52 - INFO - root -   step 34600 batch_loss 0.463091 
10/21/2019 02:00:27 - INFO - root -   step 34650 batch_loss 0.239167 
10/21/2019 02:02:01 - INFO - root -   step 34700 batch_loss 0.352094 
10/21/2019 02:03:36 - INFO - root -   step 34750 batch_loss 0.593054 
10/21/2019 02:05:10 - INFO - root -   step 34800 batch_loss 0.274228 
10/21/2019 02:06:45 - INFO - root -   step 34850 batch_loss 0.279717 
10/21/2019 02:08:20 - INFO - root -   step 34900 batch_loss 0.559299 
10/21/2019 02:09:54 - INFO - root -   step 34950 batch_loss 0.405445 
10/21/2019 02:11:29 - INFO - root -   step 35000 batch_loss 0.495179 
10/21/2019 02:13:04 - INFO - root -   step 35050 batch_loss 0.358954 
10/21/2019 02:14:38 - INFO - root -   step 35100 batch_loss 0.383918 
10/21/2019 02:16:13 - INFO - root -   step 35150 batch_loss 0.251790 
10/21/2019 02:17:47 - INFO - root -   step 35200 batch_loss 0.416802 
10/21/2019 02:19:23 - INFO - root -   step 35250 batch_loss 0.442454 
10/21/2019 02:20:57 - INFO - root -   step 35300 batch_loss 0.416732 
10/21/2019 02:22:32 - INFO - root -   step 35350 batch_loss 0.280902 
10/21/2019 02:24:07 - INFO - root -   step 35400 batch_loss 0.503172 
10/21/2019 02:25:42 - INFO - root -   step 35450 batch_loss 0.203996 
10/21/2019 02:27:17 - INFO - root -   step 35500 batch_loss 0.303516 
10/21/2019 02:28:52 - INFO - root -   step 35550 batch_loss 0.634193 
10/21/2019 02:30:26 - INFO - root -   step 35600 batch_loss 0.506452 
10/21/2019 02:32:01 - INFO - root -   step 35650 batch_loss 0.573660 
10/21/2019 02:33:36 - INFO - root -   step 35700 batch_loss 0.374512 
10/21/2019 02:35:10 - INFO - root -   step 35750 batch_loss 0.246147 
10/21/2019 02:36:45 - INFO - root -   step 35800 batch_loss 0.419041 
10/21/2019 02:38:19 - INFO - root -   step 35850 batch_loss 0.342176 
10/21/2019 02:39:54 - INFO - root -   step 35900 batch_loss 0.403936 
10/21/2019 02:41:29 - INFO - root -   step 35950 batch_loss 0.426044 
10/21/2019 02:43:03 - INFO - root -   step 36000 batch_loss 0.143697 
10/21/2019 02:44:38 - INFO - root -   step 36050 batch_loss 0.362830 
10/21/2019 02:46:13 - INFO - root -   step 36100 batch_loss 0.566371 
10/21/2019 02:47:47 - INFO - root -   step 36150 batch_loss 0.296540 
10/21/2019 02:49:22 - INFO - root -   step 36200 batch_loss 0.522675 
10/21/2019 02:50:57 - INFO - root -   step 36250 batch_loss 0.432782 
10/21/2019 02:52:31 - INFO - root -   step 36300 batch_loss 0.506032 
10/21/2019 02:54:06 - INFO - root -   step 36350 batch_loss 0.438851 
10/21/2019 02:55:41 - INFO - root -   step 36400 batch_loss 0.305088 
10/21/2019 02:57:15 - INFO - root -   step 36450 batch_loss 0.355663 
10/21/2019 02:58:50 - INFO - root -   step 36500 batch_loss 0.348457 
10/21/2019 03:00:24 - INFO - root -   step 36550 batch_loss 0.585825 
10/21/2019 03:01:59 - INFO - root -   step 36600 batch_loss 0.391942 
10/21/2019 03:03:34 - INFO - root -   step 36650 batch_loss 0.432359 
10/21/2019 03:05:08 - INFO - root -   step 36700 batch_loss 0.288512 
10/21/2019 03:06:43 - INFO - root -   step 36750 batch_loss 0.380032 
10/21/2019 03:08:17 - INFO - root -   step 36800 batch_loss 0.307494 
10/21/2019 03:09:52 - INFO - root -   step 36850 batch_loss 0.311951 
10/21/2019 03:11:27 - INFO - root -   step 36900 batch_loss 0.407403 
10/21/2019 03:13:01 - INFO - root -   step 36950 batch_loss 0.335268 
10/21/2019 03:14:36 - INFO - root -   step 37000 batch_loss 0.269450 
10/21/2019 03:16:11 - INFO - root -   step 37050 batch_loss 0.322987 
10/21/2019 03:17:46 - INFO - root -   step 37100 batch_loss 0.361159 
10/21/2019 03:19:20 - INFO - root -   step 37150 batch_loss 0.529621 
10/21/2019 03:20:55 - INFO - root -   step 37200 batch_loss 0.451039 
10/21/2019 03:22:30 - INFO - root -   step 37250 batch_loss 0.477788 
10/21/2019 03:24:05 - INFO - root -   step 37300 batch_loss 0.231523 
10/21/2019 03:25:39 - INFO - root -   step 37350 batch_loss 0.492517 
10/21/2019 03:27:14 - INFO - root -   step 37400 batch_loss 0.173466 
10/21/2019 03:28:49 - INFO - root -   step 37450 batch_loss 0.651322 
10/21/2019 03:30:23 - INFO - root -   step 37500 batch_loss 0.610812 
10/21/2019 03:31:58 - INFO - root -   step 37550 batch_loss 0.354870 
10/21/2019 03:33:33 - INFO - root -   step 37600 batch_loss 0.430598 
10/21/2019 03:35:07 - INFO - root -   step 37650 batch_loss 0.588656 
10/21/2019 03:36:42 - INFO - root -   step 37700 batch_loss 0.427895 
10/21/2019 03:38:17 - INFO - root -   step 37750 batch_loss 0.539454 
10/21/2019 03:39:51 - INFO - root -   step 37800 batch_loss 0.165963 
10/21/2019 03:41:26 - INFO - root -   step 37850 batch_loss 0.353190 
10/21/2019 03:43:00 - INFO - root -   step 37900 batch_loss 0.364061 
10/21/2019 03:44:35 - INFO - root -   step 37950 batch_loss 0.594349 
10/21/2019 03:46:10 - INFO - root -   step 38000 batch_loss 0.244063 
10/21/2019 03:47:45 - INFO - root -   step 38050 batch_loss 0.418096 
10/21/2019 03:49:19 - INFO - root -   step 38100 batch_loss 0.207719 
10/21/2019 03:50:54 - INFO - root -   step 38150 batch_loss 0.239214 
10/21/2019 03:52:28 - INFO - root -   step 38200 batch_loss 0.381898 
10/21/2019 03:54:03 - INFO - root -   step 38250 batch_loss 0.237151 
10/21/2019 03:55:38 - INFO - root -   step 38300 batch_loss 0.400566 
10/21/2019 03:57:13 - INFO - root -   step 38350 batch_loss 0.456752 
10/21/2019 03:58:48 - INFO - root -   step 38400 batch_loss 0.301552 
10/21/2019 04:00:22 - INFO - root -   step 38450 batch_loss 0.469458 
10/21/2019 04:01:57 - INFO - root -   step 38500 batch_loss 0.258073 
10/21/2019 04:03:31 - INFO - root -   step 38550 batch_loss 0.337041 
10/21/2019 04:05:06 - INFO - root -   step 38600 batch_loss 0.457870 
10/21/2019 04:06:41 - INFO - root -   step 38650 batch_loss 0.249713 
10/21/2019 04:08:15 - INFO - root -   step 38700 batch_loss 0.309058 
10/21/2019 04:09:50 - INFO - root -   step 38750 batch_loss 0.557907 
10/21/2019 04:11:24 - INFO - root -   step 38800 batch_loss 0.447791 
10/21/2019 04:12:59 - INFO - root -   step 38850 batch_loss 0.408521 
10/21/2019 04:14:34 - INFO - root -   step 38900 batch_loss 0.689725 
10/21/2019 04:16:08 - INFO - root -   step 38950 batch_loss 0.577762 
10/21/2019 04:17:43 - INFO - root -   step 39000 batch_loss 0.449527 
10/21/2019 04:19:17 - INFO - root -   step 39050 batch_loss 0.555022 
10/21/2019 04:20:52 - INFO - root -   step 39100 batch_loss 0.449572 
10/21/2019 04:22:27 - INFO - root -   step 39150 batch_loss 0.395670 
10/21/2019 04:24:02 - INFO - root -   step 39200 batch_loss 0.257446 
10/21/2019 04:25:36 - INFO - root -   step 39250 batch_loss 0.357062 
10/21/2019 04:27:11 - INFO - root -   step 39300 batch_loss 0.232838 
10/21/2019 04:28:45 - INFO - root -   step 39350 batch_loss 0.604702 
10/21/2019 04:30:20 - INFO - root -   step 39400 batch_loss 0.234225 
10/21/2019 04:31:55 - INFO - root -   step 39450 batch_loss 0.594136 
10/21/2019 04:33:30 - INFO - root -   step 39500 batch_loss 0.371812 
10/21/2019 04:35:05 - INFO - root -   step 39550 batch_loss 0.378024 
10/21/2019 04:36:40 - INFO - root -   step 39600 batch_loss 0.449909 
10/21/2019 04:38:14 - INFO - root -   step 39650 batch_loss 0.386979 
10/21/2019 04:39:49 - INFO - root -   step 39700 batch_loss 0.596386 
10/21/2019 04:41:23 - INFO - root -   step 39750 batch_loss 0.370153 
10/21/2019 04:42:58 - INFO - root -   step 39800 batch_loss 0.388857 
10/21/2019 04:44:33 - INFO - root -   step 39850 batch_loss 0.334053 
10/21/2019 04:46:07 - INFO - root -   step 39900 batch_loss 0.437606 
10/21/2019 04:47:42 - INFO - root -   step 39950 batch_loss 0.363395 
10/21/2019 04:49:16 - INFO - root -   step 40000 batch_loss 0.274348 
10/21/2019 04:50:52 - INFO - root -   step 40050 batch_loss 0.576630 
10/21/2019 04:52:27 - INFO - root -   step 40100 batch_loss 0.444304 
10/21/2019 04:54:01 - INFO - root -   step 40150 batch_loss 0.388870 
10/21/2019 04:55:36 - INFO - root -   step 40200 batch_loss 0.461734 
10/21/2019 04:57:10 - INFO - root -   step 40250 batch_loss 0.316526 
10/21/2019 04:58:45 - INFO - root -   step 40300 batch_loss 0.308870 
10/21/2019 05:00:19 - INFO - root -   step 40350 batch_loss 0.341379 
10/21/2019 05:01:54 - INFO - root -   step 40400 batch_loss 0.295393 
10/21/2019 05:03:29 - INFO - root -   step 40450 batch_loss 0.251866 
10/21/2019 05:05:03 - INFO - root -   step 40500 batch_loss 0.435251 
10/21/2019 05:06:38 - INFO - root -   step 40550 batch_loss 0.500557 
10/21/2019 05:08:13 - INFO - root -   step 40600 batch_loss 0.530070 
10/21/2019 05:09:47 - INFO - root -   step 40650 batch_loss 0.487579 
10/21/2019 05:11:22 - INFO - root -   step 40700 batch_loss 0.316121 
10/21/2019 05:12:56 - INFO - root -   step 40750 batch_loss 0.407465 
10/21/2019 05:14:31 - INFO - root -   step 40800 batch_loss 0.319362 
10/21/2019 05:16:05 - INFO - root -   step 40850 batch_loss 0.278198 
10/21/2019 05:17:40 - INFO - root -   step 40900 batch_loss 0.313455 
10/21/2019 05:19:15 - INFO - root -   step 40950 batch_loss 0.365652 
10/21/2019 05:20:49 - INFO - root -   step 41000 batch_loss 0.504360 
10/21/2019 05:22:24 - INFO - root -   step 41050 batch_loss 0.254927 
10/21/2019 05:23:58 - INFO - root -   step 41100 batch_loss 0.415271 
10/21/2019 05:25:33 - INFO - root -   step 41150 batch_loss 0.160922 
10/21/2019 05:27:08 - INFO - root -   step 41200 batch_loss 0.373188 
10/21/2019 05:28:42 - INFO - root -   step 41250 batch_loss 0.376018 
10/21/2019 05:30:17 - INFO - root -   step 41300 batch_loss 0.186021 
10/21/2019 05:31:51 - INFO - root -   step 41350 batch_loss 0.339326 
10/21/2019 05:33:26 - INFO - root -   step 41400 batch_loss 0.363488 
10/21/2019 05:35:01 - INFO - root -   step 41450 batch_loss 0.405939 
10/21/2019 05:36:35 - INFO - root -   step 41500 batch_loss 0.236783 
10/21/2019 05:38:10 - INFO - root -   step 41550 batch_loss 0.399246 
10/21/2019 05:39:45 - INFO - root -   step 41600 batch_loss 0.374355 
10/21/2019 05:41:19 - INFO - root -   step 41650 batch_loss 0.542945 
10/21/2019 05:42:54 - INFO - root -   step 41700 batch_loss 0.246602 
10/21/2019 05:44:28 - INFO - root -   step 41750 batch_loss 0.329890 
10/21/2019 05:46:03 - INFO - root -   step 41800 batch_loss 0.538544 
10/21/2019 05:47:38 - INFO - root -   step 41850 batch_loss 0.440176 
10/21/2019 05:49:13 - INFO - root -   step 41900 batch_loss 0.483473 
10/21/2019 05:50:47 - INFO - root -   step 41950 batch_loss 0.490021 
10/21/2019 05:52:22 - INFO - root -   step 42000 batch_loss 0.346105 
10/21/2019 05:53:56 - INFO - root -   step 42050 batch_loss 0.348030 
10/21/2019 05:55:31 - INFO - root -   step 42100 batch_loss 0.601286 
10/21/2019 05:57:06 - INFO - root -   step 42150 batch_loss 0.212071 
10/21/2019 05:58:40 - INFO - root -   step 42200 batch_loss 0.314936 
10/21/2019 06:00:15 - INFO - root -   step 42250 batch_loss 0.381386 
10/21/2019 06:01:50 - INFO - root -   step 42300 batch_loss 0.358009 
10/21/2019 06:03:25 - INFO - root -   step 42350 batch_loss 0.309350 
10/21/2019 06:05:00 - INFO - root -   step 42400 batch_loss 0.459704 
10/21/2019 06:06:34 - INFO - root -   step 42450 batch_loss 0.443242 
10/21/2019 06:08:09 - INFO - root -   step 42500 batch_loss 0.467902 
10/21/2019 06:09:44 - INFO - root -   step 42550 batch_loss 0.362244 
10/21/2019 06:11:18 - INFO - root -   step 42600 batch_loss 0.320318 
10/21/2019 06:12:53 - INFO - root -   step 42650 batch_loss 0.332872 
10/21/2019 06:14:28 - INFO - root -   step 42700 batch_loss 0.348811 
10/21/2019 06:16:02 - INFO - root -   step 42750 batch_loss 0.487942 
10/21/2019 06:17:37 - INFO - root -   step 42800 batch_loss 0.390860 
10/21/2019 06:19:11 - INFO - root -   step 42850 batch_loss 0.398453 
10/21/2019 06:20:46 - INFO - root -   step 42900 batch_loss 0.373731 
10/21/2019 06:22:21 - INFO - root -   step 42950 batch_loss 0.402651 
10/21/2019 06:23:55 - INFO - root -   step 43000 batch_loss 0.392865 
10/21/2019 06:25:30 - INFO - root -   step 43050 batch_loss 0.324363 
10/21/2019 06:27:05 - INFO - root -   step 43100 batch_loss 0.274765 
10/21/2019 06:28:39 - INFO - root -   step 43150 batch_loss 0.414110 
10/21/2019 06:30:14 - INFO - root -   step 43200 batch_loss 0.242781 
10/21/2019 06:31:48 - INFO - root -   step 43250 batch_loss 0.287583 
10/21/2019 06:33:23 - INFO - root -   step 43300 batch_loss 0.455499 
10/21/2019 06:34:58 - INFO - root -   step 43350 batch_loss 0.229442 
10/21/2019 06:36:32 - INFO - root -   step 43400 batch_loss 0.328964 
10/21/2019 06:38:07 - INFO - root -   step 43450 batch_loss 0.167362 
10/21/2019 06:39:42 - INFO - root -   step 43500 batch_loss 0.477410 
10/21/2019 06:41:16 - INFO - root -   step 43550 batch_loss 0.541829 
10/21/2019 06:42:51 - INFO - root -   step 43600 batch_loss 0.442731 
10/21/2019 06:44:25 - INFO - root -   step 43650 batch_loss 0.475248 
10/21/2019 06:46:00 - INFO - root -   step 43700 batch_loss 0.431046 
10/21/2019 06:47:35 - INFO - root -   step 43750 batch_loss 0.297061 
10/21/2019 06:49:09 - INFO - root -   step 43800 batch_loss 0.287881 
10/21/2019 06:50:44 - INFO - root -   step 43850 batch_loss 0.311906 
10/21/2019 06:52:19 - INFO - root -   step 43900 batch_loss 0.381812 
10/21/2019 06:53:53 - INFO - root -   step 43950 batch_loss 0.369351 
10/21/2019 06:55:28 - INFO - root -   step 44000 batch_loss 0.182333 
10/21/2019 06:57:02 - INFO - root -   step 44050 batch_loss 0.360468 
10/21/2019 06:58:37 - INFO - root -   step 44100 batch_loss 0.456796 
10/21/2019 07:00:12 - INFO - root -   step 44150 batch_loss 0.323969 
10/21/2019 07:01:46 - INFO - root -   step 44200 batch_loss 0.453575 
10/21/2019 07:03:21 - INFO - root -   step 44250 batch_loss 0.410828 
10/21/2019 07:04:55 - INFO - root -   step 44300 batch_loss 0.410424 
10/21/2019 07:06:30 - INFO - root -   step 44350 batch_loss 0.296999 
10/21/2019 07:08:05 - INFO - root -   step 44400 batch_loss 0.452516 
10/21/2019 07:09:39 - INFO - root -   step 44450 batch_loss 0.336368 
10/21/2019 07:11:14 - INFO - root -   step 44500 batch_loss 0.274889 
10/21/2019 07:12:48 - INFO - root -   step 44550 batch_loss 0.599462 
10/21/2019 07:14:23 - INFO - root -   step 44600 batch_loss 0.291931 
10/21/2019 07:15:57 - INFO - root -   step 44650 batch_loss 0.189553 
10/21/2019 07:17:32 - INFO - root -   step 44700 batch_loss 0.430209 
10/21/2019 07:19:07 - INFO - root -   step 44750 batch_loss 0.495477 
10/21/2019 07:20:41 - INFO - root -   step 44800 batch_loss 0.239635 
10/21/2019 07:22:16 - INFO - root -   step 44850 batch_loss 0.325706 
10/21/2019 07:23:50 - INFO - root -   step 44900 batch_loss 0.256209 
10/21/2019 07:25:25 - INFO - root -   step 44950 batch_loss 0.369881 
10/21/2019 07:26:59 - INFO - root -   step 45000 batch_loss 0.199087 
10/21/2019 07:28:34 - INFO - root -   step 45050 batch_loss 0.396649 
10/21/2019 07:30:09 - INFO - root -   step 45100 batch_loss 0.106566 
10/21/2019 07:31:43 - INFO - root -   step 45150 batch_loss 0.229535 
10/21/2019 07:33:18 - INFO - root -   step 45200 batch_loss 0.430538 
10/21/2019 07:34:53 - INFO - root -   step 45250 batch_loss 0.468349 
10/21/2019 07:36:27 - INFO - root -   step 45300 batch_loss 0.397516 
10/21/2019 07:38:02 - INFO - root -   step 45350 batch_loss 0.501904 
10/21/2019 07:39:36 - INFO - root -   step 45400 batch_loss 0.447745 
10/21/2019 07:41:11 - INFO - root -   step 45450 batch_loss 0.240618 
10/21/2019 07:42:45 - INFO - root -   step 45500 batch_loss 0.369781 
10/21/2019 07:44:20 - INFO - root -   step 45550 batch_loss 0.483280 
10/21/2019 07:45:55 - INFO - root -   step 45600 batch_loss 0.312214 
10/21/2019 07:47:29 - INFO - root -   step 45650 batch_loss 0.464324 
10/21/2019 07:49:04 - INFO - root -   step 45700 batch_loss 0.334996 
10/21/2019 07:50:38 - INFO - root -   step 45750 batch_loss 0.349728 
10/21/2019 07:52:13 - INFO - root -   step 45800 batch_loss 0.459782 
10/21/2019 07:53:48 - INFO - root -   step 45850 batch_loss 0.308125 
10/21/2019 07:55:22 - INFO - root -   step 45900 batch_loss 0.357121 
10/21/2019 07:56:57 - INFO - root -   step 45950 batch_loss 0.254872 
10/21/2019 07:58:31 - INFO - root -   step 46000 batch_loss 0.368735 
10/21/2019 08:00:06 - INFO - root -   step 46050 batch_loss 0.301747 
10/21/2019 08:01:41 - INFO - root -   step 46100 batch_loss 0.355424 
10/21/2019 08:03:15 - INFO - root -   step 46150 batch_loss 0.309812 
10/21/2019 08:04:50 - INFO - root -   step 46200 batch_loss 0.198843 
10/21/2019 08:06:25 - INFO - root -   step 46250 batch_loss 0.260993 
10/21/2019 08:07:59 - INFO - root -   step 46300 batch_loss 0.492279 
10/21/2019 08:09:34 - INFO - root -   step 46350 batch_loss 0.292386 
10/21/2019 08:11:09 - INFO - root -   step 46400 batch_loss 0.304273 
10/21/2019 08:12:43 - INFO - root -   step 46450 batch_loss 0.322037 
10/21/2019 08:14:18 - INFO - root -   step 46500 batch_loss 0.456648 
10/21/2019 08:15:52 - INFO - root -   step 46550 batch_loss 0.369254 
10/21/2019 08:17:27 - INFO - root -   step 46600 batch_loss 0.227923 
10/21/2019 08:19:02 - INFO - root -   step 46650 batch_loss 0.266836 
10/21/2019 08:20:36 - INFO - root -   step 46700 batch_loss 0.283468 
10/21/2019 08:22:11 - INFO - root -   step 46750 batch_loss 0.380391 
10/21/2019 08:23:46 - INFO - root -   step 46800 batch_loss 0.415427 
10/21/2019 08:25:20 - INFO - root -   step 46850 batch_loss 0.517669 
10/21/2019 08:26:55 - INFO - root -   step 46900 batch_loss 0.314967 
10/21/2019 08:28:30 - INFO - root -   step 46950 batch_loss 0.404721 
10/21/2019 08:30:04 - INFO - root -   step 47000 batch_loss 0.452897 
10/21/2019 08:31:39 - INFO - root -   step 47050 batch_loss 0.345296 
10/21/2019 08:33:14 - INFO - root -   step 47100 batch_loss 0.131203 
10/21/2019 08:34:49 - INFO - root -   step 47150 batch_loss 0.365231 
10/21/2019 08:36:24 - INFO - root -   step 47200 batch_loss 0.247311 
10/21/2019 08:37:58 - INFO - root -   step 47250 batch_loss 0.432146 
10/21/2019 08:39:33 - INFO - root -   step 47300 batch_loss 0.662224 
10/21/2019 08:41:08 - INFO - root -   step 47350 batch_loss 0.289842 
10/21/2019 08:42:42 - INFO - root -   step 47400 batch_loss 0.200541 
10/21/2019 08:44:17 - INFO - root -   step 47450 batch_loss 0.435710 
10/21/2019 08:45:51 - INFO - root -   step 47500 batch_loss 0.300580 
10/21/2019 08:47:26 - INFO - root -   step 47550 batch_loss 0.306716 
10/21/2019 08:49:00 - INFO - root -   step 47600 batch_loss 0.259438 
10/21/2019 08:50:35 - INFO - root -   step 47650 batch_loss 0.546071 
10/21/2019 08:52:10 - INFO - root -   step 47700 batch_loss 0.207336 
10/21/2019 08:53:44 - INFO - root -   step 47750 batch_loss 0.342271 
10/21/2019 08:55:19 - INFO - root -   step 47800 batch_loss 0.364515 
10/21/2019 08:56:53 - INFO - root -   step 47850 batch_loss 0.438528 
10/21/2019 08:58:28 - INFO - root -   step 47900 batch_loss 0.379931 
10/21/2019 09:00:03 - INFO - root -   step 47950 batch_loss 0.301130 
10/21/2019 09:01:37 - INFO - root -   step 48000 batch_loss 0.272994 
10/21/2019 09:03:12 - INFO - root -   step 48050 batch_loss 0.343651 
10/21/2019 09:04:47 - INFO - root -   step 48100 batch_loss 0.329779 
10/21/2019 09:06:22 - INFO - root -   step 48150 batch_loss 0.381905 
10/21/2019 09:07:56 - INFO - root -   step 48200 batch_loss 0.523751 
10/21/2019 09:09:31 - INFO - root -   step 48250 batch_loss 0.269242 
10/21/2019 09:11:05 - INFO - root -   step 48300 batch_loss 0.599306 
10/21/2019 09:12:40 - INFO - root -   step 48350 batch_loss 0.358998 
10/21/2019 09:14:15 - INFO - root -   step 48400 batch_loss 0.465270 
10/21/2019 09:15:49 - INFO - root -   step 48450 batch_loss 0.358873 
10/21/2019 09:17:24 - INFO - root -   step 48500 batch_loss 0.629741 
10/21/2019 09:18:59 - INFO - root -   step 48550 batch_loss 0.288134 
10/21/2019 09:20:33 - INFO - root -   step 48600 batch_loss 0.522761 
10/21/2019 09:22:08 - INFO - root -   step 48650 batch_loss 0.110331 
10/21/2019 09:23:43 - INFO - root -   step 48700 batch_loss 0.308748 
10/21/2019 09:25:17 - INFO - root -   step 48750 batch_loss 0.198541 
10/21/2019 09:26:52 - INFO - root -   step 48800 batch_loss 0.230186 
10/21/2019 09:28:26 - INFO - root -   step 48850 batch_loss 0.390859 
10/21/2019 09:30:01 - INFO - root -   step 48900 batch_loss 0.230754 
10/21/2019 09:31:36 - INFO - root -   step 48950 batch_loss 0.615418 
10/21/2019 09:33:11 - INFO - root -   step 49000 batch_loss 0.511764 
10/21/2019 09:34:46 - INFO - root -   step 49050 batch_loss 0.368049 
10/21/2019 09:36:20 - INFO - root -   step 49100 batch_loss 0.222145 
10/21/2019 09:37:55 - INFO - root -   step 49150 batch_loss 0.487323 
10/21/2019 09:39:30 - INFO - root -   step 49200 batch_loss 0.243871 
10/21/2019 09:41:05 - INFO - root -   step 49250 batch_loss 0.491823 
10/21/2019 09:42:40 - INFO - root -   step 49300 batch_loss 0.297063 
10/21/2019 09:44:15 - INFO - root -   step 49350 batch_loss 0.211434 
10/21/2019 09:45:49 - INFO - root -   step 49400 batch_loss 0.440028 
10/21/2019 09:47:24 - INFO - root -   step 49450 batch_loss 0.289032 
10/21/2019 09:48:58 - INFO - root -   step 49500 batch_loss 0.320802 
10/21/2019 09:50:33 - INFO - root -   step 49550 batch_loss 0.149188 
10/21/2019 09:52:08 - INFO - root -   step 49600 batch_loss 0.416987 
10/21/2019 09:53:42 - INFO - root -   step 49650 batch_loss 0.432872 
10/21/2019 09:55:17 - INFO - root -   step 49700 batch_loss 0.394745 
10/21/2019 09:56:51 - INFO - root -   step 49750 batch_loss 0.159586 
10/21/2019 09:58:26 - INFO - root -   step 49800 batch_loss 0.434503 
10/21/2019 10:00:01 - INFO - root -   step 49850 batch_loss 0.398366 
10/21/2019 10:01:35 - INFO - root -   step 49900 batch_loss 0.300817 
10/21/2019 10:03:10 - INFO - root -   step 49950 batch_loss 0.478536 
10/21/2019 10:04:45 - INFO - root -   step 50000 batch_loss 0.297033 
10/21/2019 10:06:20 - INFO - root -   step 50050 batch_loss 0.450331 
10/21/2019 10:07:55 - INFO - root -   step 50100 batch_loss 0.116943 
10/21/2019 10:09:29 - INFO - root -   step 50150 batch_loss 0.489047 
10/21/2019 10:11:04 - INFO - root -   step 50200 batch_loss 0.371690 
10/21/2019 10:12:39 - INFO - root -   step 50250 batch_loss 0.501397 
10/21/2019 10:14:14 - INFO - root -   step 50300 batch_loss 0.237778 
10/21/2019 10:15:48 - INFO - root -   step 50350 batch_loss 0.373642 
10/21/2019 10:17:23 - INFO - root -   step 50400 batch_loss 0.473979 
10/21/2019 10:18:58 - INFO - root -   step 50450 batch_loss 0.440232 
10/21/2019 10:20:33 - INFO - root -   step 50500 batch_loss 0.545834 
10/21/2019 10:22:07 - INFO - root -   step 50550 batch_loss 0.401335 
10/21/2019 10:23:42 - INFO - root -   step 50600 batch_loss 0.367359 
10/21/2019 10:25:16 - INFO - root -   step 50650 batch_loss 0.553597 
10/21/2019 10:26:51 - INFO - root -   step 50700 batch_loss 0.311578 
N_gpu: 2
Traceback (most recent call last):
  File "../src/run_pt.py", line 315, in <module>
    main()
  File "../src/run_pt.py", line 312, in main
    train(args)
  File "../src/run_pt.py", line 191, in train
    batch = tuple(t.to(device) for t in batch)
  File "../src/run_pt.py", line 191, in <genexpr>
    batch = tuple(t.to(device) for t in batch)
KeyboardInterrupt
